# JRE version: OpenJDK Runtime Environment (11.0.15) (build 11.0.15+0-b2043.56-9505619)
# Java VM: OpenJDK 64-Bit Server VM (11.0.15+0-b2043.56-9505619, mixed mode, tiered, compressed oops, g1 gc, windows-amd64)
Heap:
 garbage-first heap   total 436224K, used 294912K [0x00000000a0000000, 0x0000000100000000)
  region size 1024K, 73 young (74752K), 19 survivors (19456K)
 Metaspace       used 43992K, capacity 44949K, committed 45136K, reserved 1089536K
  class space    used 5416K, capacity 5737K, committed 5792K, reserved 1048576K
GC Heap History (20 events):
Event: 22.144 GC heap before
{Heap before GC invocations=54 (full 0):
 garbage-first heap   total 320512K, used 275456K [0x00000000a0000000, 0x0000000100000000)
  region size 1024K, 162 young (165888K), 12 survivors (12288K)
 Metaspace       used 43938K, capacity 44879K, committed 45136K, reserved 1089536K
  class space    used 5415K, capacity 5736K, committed 5792K, reserved 1048576K
}
Event: 22.156 GC heap after
{Heap after GC invocations=55 (full 0):
 garbage-first heap   total 370688K, used 122880K [0x00000000a0000000, 0x0000000100000000)
  region size 1024K, 11 young (11264K), 11 survivors (11264K)
 Metaspace       used 43938K, capacity 44879K, committed 45136K, reserved 1089536K
  class space    used 5415K, capacity 5736K, committed 5792K, reserved 1048576K
}
Event: 22.482 GC heap before
{Heap before GC invocations=55 (full 0):
 garbage-first heap   total 370688K, used 313344K [0x00000000a0000000, 0x0000000100000000)
  region size 1024K, 197 young (201728K), 11 survivors (11264K)
 Metaspace       used 43938K, capacity 44879K, committed 45136K, reserved 1089536K
  class space    used 5415K, capacity 5736K, committed 5792K, reserved 1048576K
}
Event: 22.494 GC heap after
{Heap after GC invocations=56 (full 0):
 garbage-first heap   total 370688K, used 124928K [0x00000000a0000000, 0x0000000100000000)
  region size 1024K, 13 young (13312K), 13 survivors (13312K)
 Metaspace       used 43938K, capacity 44879K, committed 45136K, reserved 1089536K
  class space    used 5415K, capacity 5736K, committed 5792K, reserved 1048576K
}
Event: 22.812 GC heap before
{Heap before GC invocations=56 (full 0):
 garbage-first heap   total 370688K, used 317440K [0x00000000a0000000, 0x0000000100000000)
  region size 1024K, 201 young (205824K), 13 survivors (13312K)
 Metaspace       used 43938K, capacity 44879K, committed 45136K, reserved 1089536K
  class space    used 5415K, capacity 5736K, committed 5792K, reserved 1048576K
}
Event: 22.825 GC heap after
{Heap after GC invocations=57 (full 0):
 garbage-first heap   total 370688K, used 125440K [0x00000000a0000000, 0x0000000100000000)
  region size 1024K, 14 young (14336K), 14 survivors (14336K)
 Metaspace       used 43938K, capacity 44879K, committed 45136K, reserved 1089536K
  class space    used 5415K, capacity 5736K, committed 5792K, reserved 1048576K
}
Event: 23.137 GC heap before
{Heap before GC invocations=57 (full 0):
 garbage-first heap   total 370688K, used 317952K [0x00000000a0000000, 0x0000000100000000)
  region size 1024K, 202 young (206848K), 14 survivors (14336K)
 Metaspace       used 43940K, capacity 44879K, committed 45136K, reserved 1089536K
  class space    used 5415K, capacity 5736K, committed 5792K, reserved 1048576K
}
Event: 23.151 GC heap after
{Heap after GC invocations=58 (full 0):
 garbage-first heap   total 370688K, used 128066K [0x00000000a0000000, 0x0000000100000000)
  region size 1024K, 15 young (15360K), 15 survivors (15360K)
 Metaspace       used 43940K, capacity 44879K, committed 45136K, reserved 1089536K
  class space    used 5415K, capacity 5736K, committed 5792K, reserved 1048576K
}
Event: 23.660 GC heap before
{Heap before GC invocations=58 (full 0):
 garbage-first heap   total 370688K, used 316482K [0x00000000a0000000, 0x0000000100000000)
  region size 1024K, 199 young (203776K), 15 survivors (15360K)
 Metaspace       used 43940K, capacity 44879K, committed 45136K, reserved 1089536K
  class space    used 5415K, capacity 5736K, committed 5792K, reserved 1048576K
}
Event: 23.676 GC heap after
{Heap after GC invocations=59 (full 0):
 garbage-first heap   total 418816K, used 130141K [0x00000000a0000000, 0x0000000100000000)
  region size 1024K, 15 young (15360K), 15 survivors (15360K)
 Metaspace       used 43940K, capacity 44879K, committed 45136K, reserved 1089536K
  class space    used 5415K, capacity 5736K, committed 5792K, reserved 1048576K
}
Event: 24.173 GC heap before
{Heap before GC invocations=59 (full 0):
 garbage-first heap   total 418816K, used 365661K [0x00000000a0000000, 0x0000000100000000)
  region size 1024K, 232 young (237568K), 15 survivors (15360K)
 Metaspace       used 43940K, capacity 44879K, committed 45136K, reserved 1089536K
  class space    used 5415K, capacity 5736K, committed 5792K, reserved 1048576K
}
Event: 24.186 GC heap after
{Heap after GC invocations=60 (full 0):
 garbage-first heap   total 418816K, used 131677K [0x00000000a0000000, 0x0000000100000000)
  region size 1024K, 16 young (16384K), 16 survivors (16384K)
 Metaspace       used 43940K, capacity 44879K, committed 45136K, reserved 1089536K
  class space    used 5415K, capacity 5736K, committed 5792K, reserved 1048576K
}
Event: 26.271 GC heap before
{Heap before GC invocations=60 (full 0):
 garbage-first heap   total 418816K, used 368221K [0x00000000a0000000, 0x0000000100000000)
  region size 1024K, 239 young (244736K), 16 survivors (16384K)
 Metaspace       used 43978K, capacity 44946K, committed 45136K, reserved 1089536K
  class space    used 5416K, capacity 5737K, committed 5792K, reserved 1048576K
}
Event: 26.277 GC heap after
{Heap after GC invocations=61 (full 0):
 garbage-first heap   total 418816K, used 109018K [0x00000000a0000000, 0x0000000100000000)
  region size 1024K, 6 young (6144K), 6 survivors (6144K)
 Metaspace       used 43978K, capacity 44946K, committed 45136K, reserved 1089536K
  class space    used 5416K, capacity 5737K, committed 5792K, reserved 1048576K
}
Event: 27.047 GC heap before
{Heap before GC invocations=61 (full 0):
 garbage-first heap   total 418816K, used 366042K [0x00000000a0000000, 0x0000000100000000)
  region size 1024K, 245 young (250880K), 6 survivors (6144K)
 Metaspace       used 43984K, capacity 44946K, committed 45136K, reserved 1089536K
  class space    used 5416K, capacity 5737K, committed 5792K, reserved 1048576K
}
Event: 27.072 GC heap after
{Heap after GC invocations=62 (full 0):
 garbage-first heap   total 436224K, used 185079K [0x00000000a0000000, 0x0000000100000000)
  region size 1024K, 31 young (31744K), 31 survivors (31744K)
 Metaspace       used 43984K, capacity 44946K, committed 45136K, reserved 1089536K
  class space    used 5416K, capacity 5737K, committed 5792K, reserved 1048576K
}
Event: 27.347 GC heap before
{Heap before GC invocations=62 (full 0):
 garbage-first heap   total 436224K, used 336631K [0x00000000a0000000, 0x0000000100000000)
  region size 1024K, 179 young (183296K), 31 survivors (31744K)
 Metaspace       used 43990K, capacity 44949K, committed 45136K, reserved 1089536K
  class space    used 5416K, capacity 5737K, committed 5792K, reserved 1048576K
}
Event: 27.364 GC heap after
{Heap after GC invocations=63 (full 0):
 garbage-first heap   total 436224K, used 204288K [0x00000000a0000000, 0x0000000100000000)
  region size 1024K, 23 young (23552K), 23 survivors (23552K)
 Metaspace       used 43990K, capacity 44949K, committed 45136K, reserved 1089536K
  class space    used 5416K, capacity 5737K, committed 5792K, reserved 1048576K
}
Event: 27.674 GC heap before
{Heap before GC invocations=63 (full 0):
 garbage-first heap   total 436224K, used 331264K [0x00000000a0000000, 0x0000000100000000)
  region size 1024K, 147 young (150528K), 23 survivors (23552K)
 Metaspace       used 43990K, capacity 44949K, committed 45136K, reserved 1089536K
  class space    used 5416K, capacity 5737K, committed 5792K, reserved 1048576K
}
Event: 27.690 GC heap after
{Heap after GC invocations=64 (full 0):
 garbage-first heap   total 436224K, used 240640K [0x00000000a0000000, 0x0000000100000000)
  region size 1024K, 19 young (19456K), 19 survivors (19456K)
 Metaspace       used 43990K, capacity 44949K, committed 45136K, reserved 1089536K
  class space    used 5416K, capacity 5737K, committed 5792K, reserved 1048576K
}

