# JRE version: OpenJDK Runtime Environment (11.0.15) (build 11.0.15+0-b2043.56-9505619)
# Java VM: OpenJDK 64-Bit Server VM (11.0.15+0-b2043.56-9505619, mixed mode, tiered, compressed oops, g1 gc, windows-amd64)
Heap:
 garbage-first heap   total 280576K, used 107746K [0x00000000a0000000, 0x0000000100000000)
  region size 1024K, 9 young (9216K), 9 survivors (9216K)
 Metaspace       used 43810K, capacity 44771K, committed 45008K, reserved 1089536K
  class space    used 5398K, capacity 5747K, committed 5840K, reserved 1048576K
GC Heap History (20 events):
Event: 14.039 GC heap after
{Heap after GC invocations=21 (full 0):
 garbage-first heap   total 194560K, used 84829K [0x00000000a0000000, 0x0000000100000000)
  region size 1024K, 6 young (6144K), 6 survivors (6144K)
 Metaspace       used 43715K, capacity 44666K, committed 45008K, reserved 1089536K
  class space    used 5387K, capacity 5712K, committed 5840K, reserved 1048576K
}
Event: 14.230 GC heap before
{Heap before GC invocations=21 (full 0):
 garbage-first heap   total 194560K, used 162653K [0x00000000a0000000, 0x0000000100000000)
  region size 1024K, 82 young (83968K), 6 survivors (6144K)
 Metaspace       used 43715K, capacity 44666K, committed 45008K, reserved 1089536K
  class space    used 5387K, capacity 5712K, committed 5840K, reserved 1048576K
}
Event: 14.234 GC heap after
{Heap after GC invocations=22 (full 0):
 garbage-first heap   total 194560K, used 85582K [0x00000000a0000000, 0x0000000100000000)
  region size 1024K, 6 young (6144K), 6 survivors (6144K)
 Metaspace       used 43715K, capacity 44666K, committed 45008K, reserved 1089536K
  class space    used 5387K, capacity 5712K, committed 5840K, reserved 1048576K
}
Event: 14.392 GC heap before
{Heap before GC invocations=22 (full 0):
 garbage-first heap   total 194560K, used 163406K [0x00000000a0000000, 0x0000000100000000)
  region size 1024K, 82 young (83968K), 6 survivors (6144K)
 Metaspace       used 43715K, capacity 44666K, committed 45008K, reserved 1089536K
  class space    used 5387K, capacity 5712K, committed 5840K, reserved 1048576K
}
Event: 14.396 GC heap after
{Heap after GC invocations=23 (full 0):
 garbage-first heap   total 194560K, used 86132K [0x00000000a0000000, 0x0000000100000000)
  region size 1024K, 7 young (7168K), 7 survivors (7168K)
 Metaspace       used 43715K, capacity 44666K, committed 45008K, reserved 1089536K
  class space    used 5387K, capacity 5712K, committed 5840K, reserved 1048576K
}
Event: 14.575 GC heap before
{Heap before GC invocations=23 (full 0):
 garbage-first heap   total 194560K, used 166004K [0x00000000a0000000, 0x0000000100000000)
  region size 1024K, 83 young (84992K), 7 survivors (7168K)
 Metaspace       used 43724K, capacity 44666K, committed 45008K, reserved 1089536K
  class space    used 5387K, capacity 5712K, committed 5840K, reserved 1048576K
}
Event: 14.580 GC heap after
{Heap after GC invocations=24 (full 0):
 garbage-first heap   total 194560K, used 83287K [0x00000000a0000000, 0x0000000100000000)
  region size 1024K, 6 young (6144K), 6 survivors (6144K)
 Metaspace       used 43724K, capacity 44666K, committed 45008K, reserved 1089536K
  class space    used 5387K, capacity 5712K, committed 5840K, reserved 1048576K
}
Event: 14.981 GC heap before
{Heap before GC invocations=24 (full 0):
 garbage-first heap   total 194560K, used 162135K [0x00000000a0000000, 0x0000000100000000)
  region size 1024K, 83 young (84992K), 6 survivors (6144K)
 Metaspace       used 43724K, capacity 44666K, committed 45008K, reserved 1089536K
  class space    used 5387K, capacity 5712K, committed 5840K, reserved 1048576K
}
Event: 14.987 GC heap after
{Heap after GC invocations=25 (full 0):
 garbage-first heap   total 233472K, used 87091K [0x00000000a0000000, 0x0000000100000000)
  region size 1024K, 9 young (9216K), 9 survivors (9216K)
 Metaspace       used 43724K, capacity 44666K, committed 45008K, reserved 1089536K
  class space    used 5387K, capacity 5712K, committed 5840K, reserved 1048576K
}
Event: 15.421 GC heap before
{Heap before GC invocations=25 (full 0):
 garbage-first heap   total 233472K, used 188467K [0x00000000a0000000, 0x0000000100000000)
  region size 1024K, 108 young (110592K), 9 survivors (9216K)
 Metaspace       used 43724K, capacity 44666K, committed 45008K, reserved 1089536K
  class space    used 5387K, capacity 5712K, committed 5840K, reserved 1048576K
}
Event: 15.429 GC heap after
{Heap after GC invocations=26 (full 0):
 garbage-first heap   total 233472K, used 89825K [0x00000000a0000000, 0x0000000100000000)
  region size 1024K, 11 young (11264K), 11 survivors (11264K)
 Metaspace       used 43724K, capacity 44666K, committed 45008K, reserved 1089536K
  class space    used 5387K, capacity 5712K, committed 5840K, reserved 1048576K
}
Event: 15.785 GC heap before
{Heap before GC invocations=26 (full 0):
 garbage-first heap   total 233472K, used 187105K [0x00000000a0000000, 0x0000000100000000)
  region size 1024K, 106 young (108544K), 11 survivors (11264K)
 Metaspace       used 43724K, capacity 44666K, committed 45008K, reserved 1089536K
  class space    used 5387K, capacity 5712K, committed 5840K, reserved 1048576K
}
Event: 15.789 GC heap after
{Heap after GC invocations=27 (full 0):
 garbage-first heap   total 233472K, used 90433K [0x00000000a0000000, 0x0000000100000000)
  region size 1024K, 9 young (9216K), 9 survivors (9216K)
 Metaspace       used 43724K, capacity 44666K, committed 45008K, reserved 1089536K
  class space    used 5387K, capacity 5712K, committed 5840K, reserved 1048576K
}
Event: 16.167 GC heap before
{Heap before GC invocations=27 (full 0):
 garbage-first heap   total 233472K, used 187713K [0x00000000a0000000, 0x0000000100000000)
  region size 1024K, 104 young (106496K), 9 survivors (9216K)
 Metaspace       used 43724K, capacity 44666K, committed 45008K, reserved 1089536K
  class space    used 5387K, capacity 5712K, committed 5840K, reserved 1048576K
}
Event: 16.173 GC heap after
{Heap after GC invocations=28 (full 0):
 garbage-first heap   total 233472K, used 91750K [0x00000000a0000000, 0x0000000100000000)
  region size 1024K, 10 young (10240K), 10 survivors (10240K)
 Metaspace       used 43724K, capacity 44666K, committed 45008K, reserved 1089536K
  class space    used 5387K, capacity 5712K, committed 5840K, reserved 1048576K
}
Event: 16.613 GC heap before
{Heap before GC invocations=28 (full 0):
 garbage-first heap   total 233472K, used 188006K [0x00000000a0000000, 0x0000000100000000)
  region size 1024K, 104 young (106496K), 10 survivors (10240K)
 Metaspace       used 43733K, capacity 44666K, committed 45008K, reserved 1089536K
  class space    used 5388K, capacity 5712K, committed 5840K, reserved 1048576K
}
Event: 16.617 GC heap after
{Heap after GC invocations=29 (full 0):
 garbage-first heap   total 233472K, used 78817K [0x00000000a0000000, 0x0000000100000000)
  region size 1024K, 1 young (1024K), 1 survivors (1024K)
 Metaspace       used 43733K, capacity 44666K, committed 45008K, reserved 1089536K
  class space    used 5388K, capacity 5712K, committed 5840K, reserved 1048576K
}
Event: 17.549 GC heap before
{Heap before GC invocations=29 (full 0):
 garbage-first heap   total 233472K, used 193505K [0x00000000a0000000, 0x0000000100000000)
  region size 1024K, 109 young (111616K), 1 survivors (1024K)
 Metaspace       used 43810K, capacity 44771K, committed 45008K, reserved 1089536K
  class space    used 5398K, capacity 5747K, committed 5840K, reserved 1048576K
}
Event: 17.558 GC heap after
{Heap after GC invocations=30 (full 0):
 garbage-first heap   total 233472K, used 109412K [0x00000000a0000000, 0x0000000100000000)
  region size 1024K, 14 young (14336K), 14 survivors (14336K)
 Metaspace       used 43810K, capacity 44771K, committed 45008K, reserved 1089536K
  class space    used 5398K, capacity 5747K, committed 5840K, reserved 1048576K
}
Event: 17.736 GC heap before
{Heap before GC invocations=30 (full 0):
 garbage-first heap   total 233472K, used 183140K [0x00000000a0000000, 0x0000000100000000)
  region size 1024K, 86 young (88064K), 14 survivors (14336K)
 Metaspace       used 43810K, capacity 44771K, committed 45008K, reserved 1089536K
  class space    used 5398K, capacity 5747K, committed 5840K, reserved 1048576K
}

